<?xml version="1.0" encoding="utf-8"?><testsuites name="pytest tests"><testsuite name="pytest" errors="0" failures="0" skipped="12" tests="357" time="6.716" timestamp="2026-04-17T10:24:08.298423-05:00" hostname="mac.lan"><testcase classname="tests.test_clairity_repo" name="test_fixtures" time="0.062" /><testcase classname="tests.test_clairity_repo" name="test_get_commit_messages[pre2-post2]" time="0.080" /><testcase classname="tests.test_clairity_repo" name="test_get_functional_versions[uv_fda-x_release-FunctionalBranch.release-context_manager2]" time="0.056" /><testcase classname="tests.test_clairity_repo" name="test_get_functional_versions[uv_trunk-x_main-FunctionalBranch.trunk-context_manager0]" time="0.053" /><testcase classname="tests.test_clairity_repo" name="test_do_version_bump_commit[uv_fda-pre0-post0]" time="0.123" /><testcase classname="tests.test_clairity_repo" name="test_do_version_bump_commit[uv_trunk-pre1-post1]" time="0.146" /><testcase classname="tests.test_clairity_repo" name="test_get_functional_versions[uv_trunk-staging-FunctionalBranch.staging-context_manager1]" time="0.037" /><testcase classname="tests.test_clairity_repo" name="test_get_functional_versions[uv_fda-ps-9999-solve-world-hunger-FunctionalBranch.other-context_manager3]" time="0.044" /><testcase classname="tests.test_clairity_repo" name="test_get_commit_messages[pre3-post3]" time="0.075" /><testcase classname="tests.test_clairity_repo" name="test_fake_project_root_dir[poetry_1x_trunk]" time="0.028" /><testcase classname="tests.test_clairity_repo" name="test_cherry_pick_to_branch" time="0.124" /><testcase classname="tests.test_clairity_repo" name="test_get_functional_versions[uv_trunk-x_release-FunctionalBranch.release-context_manager2]" time="0.041" /><testcase classname="tests.test_clairity_repo" name="test_fake_project_root_dir[poetry_2x_trunk]" time="0.026" /><testcase classname="tests.test_clairity_repo" name="test_fake_project_root_dir[uv_trunk]" time="0.028" /><testcase classname="tests.test_clairity_repo" name="test_do_version_bump_commit[uv_fda-pre1-post1]" time="0.133" /><testcase classname="tests.test_clairity_repo" name="test_get_commit_messages[pre4-post4]" time="0.520" /><testcase classname="tests.test_clairity_repo" name="test_get_functional_versions[uv_trunk-ps-9999-solve-world-hunger-FunctionalBranch.other-context_manager3]" time="0.049" /><testcase classname="tests.test_clairity_repo" name="test_do_version_bump_commit[uv_trunk-pre2-post2]" time="0.137" /><testcase classname="tests.test_clairity_repo" name="test_fake_project_root_dir[poetry_1x_fda]" time="0.029" /><testcase classname="tests.test_clairity_repo" name="test_fake_project_root_dir[poetry_2x_fda]" time="0.027" /><testcase classname="tests.test_clairity_repo" name="test_get_functional_versions[poetry_1x_fda-x_main-FunctionalBranch.trunk-context_manager0]" time="0.046" /><testcase classname="tests.test_clairity_repo" name="test_fake_project_root_dir[uv_fda]" time="0.032" /><testcase classname="tests.test_clairity_repo" name="test_get_most_recent_version_tag[pre0-post0]" time="0.054" /><testcase classname="tests.test_clairity_repo" name="test_release_branch_exists[poetry_1x_trunk-github_branches0-False]" time="0.033" /><testcase classname="tests.test_clairity_repo" name="test_get_functional_versions[poetry_1x_fda-staging-FunctionalBranch.staging-context_manager1]" time="0.050" /><testcase classname="tests.test_clairity_repo" name="test_do_version_bump_commit[uv_fda-pre2-post2]" time="0.128" /><testcase classname="tests.test_clairity_repo" name="test_release_branch_exists[poetry_1x_trunk-github_branches1-False]" time="0.039" /><testcase classname="tests.test_clairity_repo" name="test_get_most_recent_version_tag[pre1-post1]" time="0.069" /><testcase classname="tests.test_clairity_repo" name="test_get_functional_versions[poetry_1x_fda-x_release-FunctionalBranch.release-context_manager2]" time="0.053" /><testcase classname="tests.test_clairity_repo" name="test_do_version_bump_commit[uv_trunk-pre3-post3]" time="0.155" /><testcase classname="tests.test_clairity_repo" name="test_release_branch_exists[poetry_1x_trunk-github_branches2-False]" time="0.045" /><testcase classname="tests.test_clairity_repo" name="test_get_functional_versions[poetry_1x_fda-ps-9999-solve-world-hunger-FunctionalBranch.other-context_manager3]" time="0.054" /><testcase classname="tests.test_clairity_repo" name="test_get_most_recent_version_tag[pre2-post2]" time="0.067" /><testcase classname="tests.test_clairity_repo" name="test_release_branch_exists[poetry_1x_trunk-github_branches3-True]" time="0.044" /><testcase classname="tests.test_clairity_repo" name="test_do_version_bump_commit[uv_fda-pre3-post3]" time="0.138" /><testcase classname="tests.test_clairity_repo" name="test_get_functional_versions[poetry_2x_fda-x_main-FunctionalBranch.trunk-context_manager0]" time="0.041" /><testcase classname="tests.test_clairity_repo" name="test_release_branch_exists[poetry_1x_trunk-github_branches4-True]" time="0.051" /><testcase classname="tests.test_clairity_repo" name="test_get_most_recent_version_tag[pre3-post3]" time="0.086" /><testcase classname="tests.test_clairity_repo" name="test_get_functional_versions[poetry_2x_fda-staging-FunctionalBranch.staging-context_manager1]" time="0.043" /><testcase classname="tests.test_clairity_repo" name="test_do_version_bump_commit[uv_trunk-pre4-post4]" time="0.554" /><testcase classname="tests.test_clairity_repo" name="test_release_branch_exists[poetry_2x_trunk-github_branches0-False]" time="0.030" /><testcase classname="tests.test_clairity_repo" name="test_release_branch_exists[poetry_2x_trunk-github_branches1-False]" time="0.042" /><testcase classname="tests.test_clairity_repo" name="test_get_functional_versions[poetry_2x_fda-x_release-FunctionalBranch.release-context_manager2]" time="0.050" /><testcase classname="tests.test_clairity_repo" name="test_get_most_recent_version_tag[pre4-post4]" time="0.508" /><testcase classname="tests.test_clairity_repo" name="test_release_branch_exists[poetry_2x_trunk-github_branches2-False]" time="0.033" /><testcase classname="tests.test_clairity_repo" name="test_do_version_bump_commit[uv_fda-pre4-post4]" time="0.562" /><testcase classname="tests.test_clairity_repo" name="test_get_functional_versions[poetry_2x_fda-ps-9999-solve-world-hunger-FunctionalBranch.other-context_manager3]" time="0.048" /><testcase classname="tests.test_clairity_repo" name="test_release_branch_exists[poetry_2x_trunk-github_branches3-True]" time="0.039" /><testcase classname="tests.test_clairity_repo" name="test_get_functional_versions[uv_fda-x_main-FunctionalBranch.trunk-context_manager0]" time="0.039" /><testcase classname="tests.test_clairity_repo" name="test_release_branch_exists[poetry_2x_trunk-github_branches4-True]" time="0.047" /><testcase classname="tests.test_clairity_repo" name="test_get_functional_versions[uv_fda-staging-FunctionalBranch.staging-context_manager1]" time="0.048" /><testcase classname="tests.test_clairity_repo" name="test_release_branch_exists[uv_trunk-github_branches0-False]" time="0.032" /><testcase classname="tests.test_clairity_repo" name="test_release_branch_exists[poetry_2x_fda-github_branches3-True]" time="0.046" /><testcase classname="tests.test_clairity_repo" name="test_next_release_pr_exists[poetry_1x_trunk-github_pull_requests5-False]" time="0.047" /><testcase classname="tests.test_clairity_repo" name="test_do_version_bump_commit[poetry_1x_trunk-pre0-post0]" time="0.132" /><testcase classname="tests.test_clairity_repo" name="test_release_branch_exists[poetry_2x_fda-github_branches4-True]" time="0.049" /><testcase classname="tests.test_clairity_repo" name="test_next_release_pr_exists[poetry_2x_trunk-github_pull_requests0-False]" time="0.027" /><testcase classname="tests.test_clairity_repo" name="test_next_release_pr_exists[poetry_2x_trunk-github_pull_requests1-True]" time="0.039" /><testcase classname="tests.test_clairity_repo" name="test_release_branch_exists[uv_fda-github_branches0-False]" time="0.029" /><testcase classname="tests.test_clairity_repo" name="test_next_release_pr_exists[poetry_2x_trunk-github_pull_requests2-True]" time="0.055" /><testcase classname="tests.test_clairity_repo" name="test_release_branch_exists[uv_fda-github_branches1-False]" time="0.038" /><testcase classname="tests.test_clairity_repo" name="test_do_version_bump_commit[poetry_1x_trunk-pre1-post1]" time="0.125" /><testcase classname="tests.test_clairity_repo" name="test_release_branch_exists[uv_fda-github_branches2-False]" time="0.034" /><testcase classname="tests.test_clairity_repo" name="test_next_release_pr_exists[poetry_2x_trunk-github_pull_requests3-True]" time="0.052" /><testcase classname="tests.test_clairity_repo" name="test_release_branch_exists[uv_fda-github_branches3-True]" time="0.034" /><testcase classname="tests.test_clairity_repo" name="test_next_release_pr_exists[poetry_2x_trunk-github_pull_requests4-True]" time="0.052" /><testcase classname="tests.test_clairity_repo" name="test_release_branch_exists[uv_fda-github_branches4-True]" time="0.040" /><testcase classname="tests.test_clairity_repo" name="test_do_version_bump_commit[poetry_1x_trunk-pre2-post2]" time="0.140" /><testcase classname="tests.test_clairity_repo" name="test_next_release_pr_exists[poetry_1x_trunk-github_pull_requests0-False]" time="0.031" /><testcase classname="tests.test_clairity_repo" name="test_next_release_pr_exists[poetry_2x_trunk-github_pull_requests5-False]" time="0.048" /><testcase classname="tests.test_clairity_repo" name="test_next_release_pr_exists[poetry_1x_trunk-github_pull_requests1-True]" time="0.057" /><testcase classname="tests.test_clairity_repo" name="test_do_version_bump_commit[poetry_1x_fda-pre0-post0]" time="0.119" /><testcase classname="tests.test_clairity_repo" name="test_get_commit_messages[pre0-post0]" time="0.057" /><testcase classname="tests.test_clairity_repo" name="test_next_release_pr_exists[uv_trunk-github_pull_requests0-False]" time="0.035" /><testcase classname="tests.test_clairity_repo" name="test_next_release_pr_exists[poetry_1x_trunk-github_pull_requests2-True]" time="0.057" /><testcase classname="tests.test_clairity_repo" name="test_next_release_pr_exists[uv_trunk-github_pull_requests1-True]" time="0.048" /><testcase classname="tests.test_clairity_repo" name="test_get_commit_messages[pre1-post1]" time="0.064" /><testcase classname="tests.test_clairity_repo" name="test_do_version_bump_commit_with_prefix" time="0.097" /><testcase classname="tests.test_clairity_repo" name="test_do_version_bump_commit[poetry_1x_trunk-pre3-post3]" time="0.143" /><testcase classname="tests.test_clairity_repo" name="test_next_release_pr_exists[uv_trunk-github_pull_requests2-True]" time="0.047" /><testcase classname="tests.test_clairity_repo" name="test_next_release_pr_exists[poetry_1x_trunk-github_pull_requests3-True]" time="0.056" /><testcase classname="tests.test_clairity_repo" name="test_do_version_bump_commit[poetry_1x_fda-pre1-post1]" time="0.139" /><testcase classname="tests.test_clairity_repo" name="test_next_release_pr_exists[uv_trunk-github_pull_requests3-True]" time="0.043" /><testcase classname="tests.test_clairity_repo" name="test_release_branch_exists[uv_trunk-github_branches1-False]" time="0.035" /><testcase classname="tests.test_clairity_repo" name="test_next_release_pr_exists[poetry_1x_trunk-github_pull_requests4-True]" time="0.044" /><testcase classname="tests.test_clairity_repo" name="test_next_release_pr_exists[uv_trunk-github_pull_requests4-True]" time="0.047" /><testcase classname="tests.test_clairity_repo" name="test_release_branch_exists[uv_trunk-github_branches2-False]" time="0.035" /><testcase classname="tests.test_clairity_repo" name="test_get_functional_versions[poetry_1x_trunk-x_main-FunctionalBranch.trunk-context_manager0]" time="0.041" /><testcase classname="tests.test_clairity_repo" name="test_next_release_pr_exists[poetry_2x_fda-github_pull_requests3-True]" time="0.052" /><testcase classname="tests.test_clairity_repo" name="test_release_branch_exists[uv_trunk-github_branches3-True]" time="0.040" /><testcase classname="tests.test_clairity_repo" name="test_next_release_pr_exists[uv_trunk-github_pull_requests5-False]" time="0.037" /><testcase classname="tests.test_clairity_repo" name="test_do_version_bump_commit[poetry_1x_trunk-pre4-post4]" time="0.551" /><testcase classname="tests.test_clairity_repo" name="test_get_functional_versions[poetry_1x_trunk-staging-FunctionalBranch.staging-context_manager1]" time="0.046" /><testcase classname="tests.test_clairity_repo" name="test_next_release_pr_exists[poetry_2x_fda-github_pull_requests4-True]" time="0.046" /><testcase classname="tests.test_clairity_repo" name="test_do_version_bump_commit[poetry_1x_fda-pre2-post2]" time="0.121" /><testcase classname="tests.test_clairity_repo" name="test_next_release_pr_exists[poetry_1x_fda-github_pull_requests0-False]" time="0.024" /><testcase classname="tests.test_clairity_repo" name="test_release_branch_exists[uv_trunk-github_branches4-True]" time="0.043" /><testcase classname="tests.test_clairity_repo" name="test_get_functional_versions[poetry_1x_trunk-x_release-FunctionalBranch.release-context_manager2]" time="0.048" /><testcase classname="tests.test_clairity_repo" name="test_next_release_pr_exists[poetry_1x_fda-github_pull_requests1-True]" time="0.041" /><testcase classname="tests.test_clairity_repo" name="test_next_release_pr_exists[poetry_2x_fda-github_pull_requests5-False]" time="0.041" /><testcase classname="tests.test_clairity_repo" name="test_release_branch_exists[poetry_1x_fda-github_branches0-False]" time="0.030" /><testcase classname="tests.test_clairity_repo" name="test_get_functional_versions[poetry_1x_trunk-ps-9999-solve-world-hunger-FunctionalBranch.other-context_manager3]" time="0.051" /><testcase classname="tests.test_clairity_repo" name="test_next_release_pr_exists[poetry_1x_fda-github_pull_requests2-True]" time="0.053" /><testcase classname="tests.test_clairity_repo" name="test_next_release_pr_exists[uv_fda-github_pull_requests0-False]" time="0.026" /><testcase classname="tests.test_clairity_repo" name="test_release_branch_exists[poetry_1x_fda-github_branches1-False]" time="0.031" /><testcase classname="tests.test_clairity_repo" name="test_next_release_pr_exists[uv_fda-github_pull_requests1-True]" time="0.037" /><testcase classname="tests.test_clairity_repo" name="test_release_branch_exists[poetry_1x_fda-github_branches2-False]" time="0.038" /><testcase classname="tests.test_clairity_repo" name="test_get_functional_versions[poetry_2x_trunk-x_main-FunctionalBranch.trunk-context_manager0]" time="0.045" /><testcase classname="tests.test_clairity_repo" name="test_do_version_bump_commit[poetry_1x_fda-pre3-post3]" time="0.155" /><testcase classname="tests.test_clairity_repo" name="test_next_release_pr_exists[poetry_1x_fda-github_pull_requests3-True]" time="0.058" /><testcase classname="tests.test_clairity_repo" name="test_next_release_pr_exists[uv_fda-github_pull_requests2-True]" time="0.050" /><testcase classname="tests.test_clairity_repo" name="test_release_branch_exists[poetry_1x_fda-github_branches3-True]" time="0.039" /><testcase classname="tests.test_clairity_repo" name="test_get_functional_versions[poetry_2x_trunk-staging-FunctionalBranch.staging-context_manager1]" time="0.045" /><testcase classname="tests.test_clairity_repo" name="test_next_release_pr_exists[poetry_1x_fda-github_pull_requests4-True]" time="0.047" /><testcase classname="tests.test_clairity_repo" name="test_release_branch_exists[poetry_1x_fda-github_branches4-True]" time="0.047" /><testcase classname="tests.test_clairity_repo" name="test_next_release_pr_exists[uv_fda-github_pull_requests3-True]" time="0.050" /><testcase classname="tests.test_clairity_repo" name="test_get_functional_versions[poetry_2x_trunk-x_release-FunctionalBranch.release-context_manager2]" time="0.057" /><testcase classname="tests.test_clairity_repo" name="test_next_release_pr_exists[poetry_1x_fda-github_pull_requests5-False]" time="0.043" /><testcase classname="tests.test_clairity_repo" name="test_release_branch_exists[poetry_2x_fda-github_branches0-False]" time="0.034" /><testcase classname="tests.test_clairity_repo" name="test_next_release_pr_exists[uv_fda-github_pull_requests4-True]" time="0.047" /><testcase classname="tests.test_clairity_repo" name="test_get_functional_versions[poetry_2x_trunk-ps-9999-solve-world-hunger-FunctionalBranch.other-context_manager3]" time="0.052" /><testcase classname="tests.test_clairity_repo" name="test_release_branch_exists[poetry_2x_fda-github_branches1-False]" time="0.037" /><testcase classname="tests.test_clairity_repo" name="test_do_version_bump_commit[poetry_1x_fda-pre4-post4]" time="0.584" /><testcase classname="tests.test_clairity_repo" name="test_next_release_pr_exists[poetry_2x_fda-github_pull_requests0-False]" time="0.030" /><testcase classname="tests.test_clairity_repo" name="test_next_release_pr_exists[uv_fda-github_pull_requests5-False]" time="0.054" /><testcase classname="tests.test_clairity_repo" name="test_next_release_pr_exists[poetry_2x_fda-github_pull_requests1-True]" time="0.041" /><testcase classname="tests.test_clairity_repo" name="test_release_branch_exists[poetry_2x_fda-github_branches2-False]" time="0.032" /><testcase classname="tests.test_git_utilities" name="test_dereference_tag[poetry_1x_trunk]" time="0.025" /><testcase classname="tests.test_clairity_repo" name="test_next_release_pr_exists[poetry_2x_fda-github_pull_requests2-True]" time="0.059" /><testcase classname="tests.test_git_utilities" name="test_dereference_tag[poetry_2x_trunk]" time="0.025" /><testcase classname="tests.test_fda_flows" name="test_check_triggering_event[GitBranchStrategy.fda_git_flow-BranchFunctionalRole.release_candidate-BranchFunctionalRole.feature-context5]" time="0.001" /><testcase classname="tests.test_fda_flows" name="test_check_triggering_event[GitBranchStrategy.fda_git_flow-BranchFunctionalRole.release-BranchFunctionalRole.release_candidate-context6]" time="0.000" /><testcase classname="tests.test_fda_flows" name="test_check_triggering_event[GitBranchStrategy.fda_trunk_flow-BranchFunctionalRole.trunk-BranchFunctionalRole.release-context7]" time="0.001" /><testcase classname="tests.test_fda_flows" name="test_check_triggering_event[GitBranchStrategy.fda_trunk_flow-BranchFunctionalRole.trunk-None-context8]" time="0.000" /><testcase classname="tests.test_fda_flows" name="test_check_triggering_event[GitBranchStrategy.fda_trunk_flow-BranchFunctionalRole.release-BranchFunctionalRole.trunk-context9]" time="0.000" /><testcase classname="tests.test_fda_flows" name="test_check_triggering_event[GitBranchStrategy.fda_trunk_flow-BranchFunctionalRole.release-BranchFunctionalRole.feature-context10]" time="0.000" /><testcase classname="tests.test_git_utilities" name="test_dereference_tag[uv_trunk]" time="0.029" /><testcase classname="tests.test_git_utilities" name="test_dereference_tag[poetry_1x_fda]" time="0.030" /><testcase classname="tests.test_cli" name="test_cli_can_be_invoked[poetry_2x_trunk]" time="0.190" /><testcase classname="tests.test_git_utilities" name="test_dereference_tag[poetry_2x_fda]" time="0.034" /><testcase classname="tests.test_cli" name="test_cli_can_be_invoked[poetry_1x_trunk]" time="0.204" /><testcase classname="tests.test_git_utilities" name="test_dereference_tag[uv_fda]" time="0.029" /><testcase classname="tests.test_git_utilities" name="test_find_effective_version[no_version_tag]" time="0.024" /><testcase classname="tests.test_clairity_repo" name="test_do_version_bump_commit[poetry_2x_trunk-pre0-post0]" time="0.107" /><testcase classname="tests.test_fda_flows" name="test_fda_flow[poetry_1x_trunk]" time="0.146"><skipped type="pytest.skip" message="Legacy FDA Flow does not need to test this.">/Users/christianbonnell/projects/clarity/version-flow/tests/test_fda_flows.py:48: Legacy FDA Flow does not need to test this.</skipped></testcase><testcase classname="tests.test_git_utilities" name="test_find_effective_version[linear history, default version tag]" time="0.036" /><testcase classname="tests.test_git_utilities" name="test_find_effective_version[linear history, alt version]" time="0.084" /><testcase classname="tests.test_clairity_repo" name="test_do_version_bump_commit[poetry_2x_trunk-pre1-post1]" time="0.148" /><testcase classname="tests.test_cli" name="test_cli_can_be_invoked[uv_trunk]" time="0.202" /><testcase classname="tests.test_git_utilities" name="test_get_branch_label_and_role[poetry_1x_trunk-x_main-dev-BranchFunctionalRole.trunk]" time="0.056" /><testcase classname="tests.test_fda_flows" name="test_fda_flow[poetry_2x_trunk]" time="0.158"><skipped type="pytest.skip" message="Legacy FDA Flow does not need to test this.">/Users/christianbonnell/projects/clarity/version-flow/tests/test_fda_flows.py:48: Legacy FDA Flow does not need to test this.</skipped></testcase><testcase classname="tests.test_fda_flows" name="test_fda_flow[poetry_2x_fda]" time="0.552" /><testcase classname="tests.test_git_utilities" name="test_get_branch_label_and_role[poetry_1x_trunk-x_release-None-BranchFunctionalRole.release]" time="0.036" /><testcase classname="tests.test_git_utilities" name="test_get_branch_label_and_role[poetry_1x_trunk-x_rc/1.2.3-rc-BranchFunctionalRole.release_candidate]" time="0.046" /><testcase classname="tests.test_clairity_repo" name="test_do_version_bump_commit[poetry_2x_trunk-pre2-post2]" time="0.144" /><testcase classname="tests.test_git_utilities" name="test_get_branch_label_and_role[poetry_1x_trunk-x_rc/foo-rc-BranchFunctionalRole.release_candidate]" time="0.042" /><testcase classname="tests.test_fda_flows" name="test_fda_flow[uv_trunk]" time="0.155"><skipped type="pytest.skip" message="Legacy FDA Flow does not need to test this.">/Users/christianbonnell/projects/clarity/version-flow/tests/test_fda_flows.py:48: Legacy FDA Flow does not need to test this.</skipped></testcase><testcase classname="tests.test_git_utilities" name="test_get_branch_label_and_role[poetry_1x_trunk-x_prod-prod-BranchFunctionalRole.release]" time="0.039" /><testcase classname="tests.test_clairity_repo" name="test_do_version_bump_commit[poetry_2x_fda-pre0-post0]" time="0.115" /><testcase classname="tests.test_git_utilities" name="test_get_branch_label_and_role[poetry_2x_trunk-x_main-dev-BranchFunctionalRole.trunk]" time="0.045" /><testcase classname="tests.test_cli" name="test_cli_can_be_invoked[poetry_1x_fda]" time="0.532" /><testcase classname="tests.test_clairity_repo" name="test_do_version_bump_commit[poetry_2x_trunk-pre3-post3]" time="0.178" /><testcase classname="tests.test_git_utilities" name="test_get_branch_label_and_role[poetry_2x_trunk-x_release-None-BranchFunctionalRole.release]" time="0.032" /><testcase classname="tests.test_git_utilities" name="test_get_branch_label_and_role[poetry_2x_trunk-x_rc/1.2.3-rc-BranchFunctionalRole.release_candidate]" time="0.036" /><testcase classname="tests.test_clairity_repo" name="test_do_version_bump_commit[poetry_2x_fda-pre1-post1]" time="0.135" /><testcase classname="tests.test_fda_flows" name="test_fda_flow[poetry_1x_fda]" time="0.526" /><testcase classname="tests.test_git_utilities" name="test_get_branch_label_and_role[poetry_2x_trunk-x_rc/foo-rc-BranchFunctionalRole.release_candidate]" time="0.038" /><testcase classname="tests.test_git_utilities" name="test_get_branch_label_and_role[poetry_2x_trunk-x_prod-prod-BranchFunctionalRole.release]" time="0.039" /><testcase classname="tests.test_git_utilities" name="test_get_branch_label_and_role[uv_trunk-x_main-dev-BranchFunctionalRole.trunk]" time="0.045" /><testcase classname="tests.test_clairity_repo" name="test_do_version_bump_commit[poetry_2x_trunk-pre4-post4]" time="0.430" /><testcase classname="tests.test_clairity_repo" name="test_do_version_bump_commit[poetry_2x_fda-pre2-post2]" time="0.114" /><testcase classname="tests.test_git_utilities" name="test_get_branch_label_and_role[uv_trunk-x_release-None-BranchFunctionalRole.release]" time="0.025" /><testcase classname="tests.test_git_utilities" name="test_get_branch_label_and_role[uv_trunk-x_rc/1.2.3-rc-BranchFunctionalRole.release_candidate]" time="0.028" /><testcase classname="tests.test_git_utilities" name="test_get_branch_label_and_role[uv_trunk-x_rc/foo-rc-BranchFunctionalRole.release_candidate]" time="0.030" /><testcase classname="tests.test_fda_flows" name="test_fda_flow[uv_fda]" time="0.445" /><testcase classname="tests.test_git_utilities" name="test_get_branch_label_and_role[uv_trunk-x_prod-prod-BranchFunctionalRole.release]" time="0.029" /><testcase classname="tests.test_clairity_repo" name="test_do_version_bump_commit[poetry_2x_fda-pre3-post3]" time="0.108" /><testcase classname="tests.test_git_utilities" name="test_get_branch_label_and_role[poetry_1x_fda-x_main-dev-BranchFunctionalRole.trunk]" time="0.036" /><testcase classname="tests.test_git_utilities" name="test_get_branch_label_and_role[poetry_1x_fda-x_release-None-BranchFunctionalRole.release]" time="0.029" /><testcase classname="tests.test_git_utilities" name="test_get_branch_label_and_role[poetry_1x_fda-x_rc/1.2.3-rc-BranchFunctionalRole.release_candidate]" time="0.046" /><testcase classname="tests.test_clairity_repo" name="test_do_version_bump_commit[poetry_2x_fda-pre4-post4]" time="0.442" /><testcase classname="tests.test_git_utilities" name="test_get_branch_label_and_role[poetry_1x_fda-x_rc/foo-rc-BranchFunctionalRole.release_candidate]" time="0.033" /><testcase classname="tests.test_git_utilities" name="test_find_effective_version[feat branch, not merged]" time="0.076" /><testcase classname="tests.test_git_utilities" name="test_get_branch_label_and_role[poetry_1x_fda-x_prod-prod-BranchFunctionalRole.release]" time="0.033" /><testcase classname="tests.test_cli" name="test_cli_can_be_invoked[poetry_2x_fda]" time="0.457" /><testcase classname="tests.test_git_utilities" name="test_get_branch_label_and_role[poetry_2x_fda-x_main-dev-BranchFunctionalRole.trunk]" time="0.036" /><testcase classname="tests.test_git_utilities" name="test_find_effective_version[feat branch, merge commit]" time="0.073" /><testcase classname="tests.test_git_utilities" name="test_get_branch_label_and_role[poetry_2x_fda-x_release-None-BranchFunctionalRole.release]" time="0.027" /><testcase classname="tests.test_git_utilities" name="test_get_branch_label_and_role[poetry_2x_fda-x_rc/1.2.3-rc-BranchFunctionalRole.release_candidate]" time="0.032" /><testcase classname="tests.test_git_utilities" name="test_commit_id_to_version_map_with_prefix[poetry_2x_fda]" time="0.100" /><testcase classname="tests.test_clairity_repo" name="test_do_version_bump_commit[uv_trunk-pre0-post0]" time="0.101" /><testcase classname="tests.test_fda_flows" name="test_monorepo_fda_flow" time="0.140" /><testcase classname="tests.test_git_utilities" name="test_commit_id_to_version_map_with_prefix[uv_fda]" time="0.093" /><testcase classname="tests.test_git_utilities" name="test_find_effective_version_with_prefix[uv_fda]" time="0.063" /><testcase classname="tests.test_git_utilities" name="test_get_active_and_auxiliary_branch_names[poetry_1x_trunk]" time="0.372" /><testcase classname="tests.test_git_utilities.TestCommitTouchesPaths" name="test_path_matching[matching_path]" time="0.034" /><testcase classname="tests.test_git_utilities" name="test_create_merge_commit[poetry_1x_trunk]" time="0.167" /><testcase classname="tests.test_git_utilities.TestCommitTouchesPaths" name="test_path_matching[non_matching_path]" time="0.033" /><testcase classname="tests.test_git_utilities" name="test_find_effective_version_with_prefix[poetry_1x_trunk]" time="0.077" /><testcase classname="tests.test_git_utilities.TestCommitTouchesPaths" name="test_initial_commit_always_included" time="0.026" /><testcase classname="tests.test_git_utilities.TestCommitTouchesPaths" name="test_merge_commit_diffs_first_parent" time="0.044" /><testcase classname="tests.test_git_utilities" name="test_get_branch_label_and_role[poetry_2x_fda-x_rc/foo-rc-BranchFunctionalRole.release_candidate]" time="0.041" /><testcase classname="tests.test_git_utilities" name="test_find_effective_version_with_prefix[poetry_2x_trunk]" time="0.081" /><testcase classname="tests.test_git_utilities.TestGetCommitMessagesWithOwnedPaths" name="test_filters_by_owned_paths" time="0.071" /><testcase classname="tests.test_git_utilities" name="test_get_branch_label_and_role[poetry_2x_fda-x_prod-prod-BranchFunctionalRole.release]" time="0.034" /><testcase classname="tests.test_git_utilities" name="test_get_branch_label_and_role[uv_fda-x_main-dev-BranchFunctionalRole.trunk]" time="0.040" /><testcase classname="tests.test_git_utilities" name="test_create_merge_commit[poetry_2x_trunk]" time="0.173" /><testcase classname="tests.test_git_utilities" name="test_find_effective_version_with_prefix[uv_trunk]" time="0.075" /><testcase classname="tests.test_git_utilities.TestGetCommitMessagesWithOwnedPaths" name="test_no_filtering_when_owned_paths_empty" time="0.055" /><testcase classname="tests.test_cli" name="test_cli_can_be_invoked[uv_fda]" time="0.453" /><testcase classname="tests.test_git_utilities" name="test_get_branch_label_and_role[uv_fda-x_release-None-BranchFunctionalRole.release]" time="0.033" /><testcase classname="tests.test_git_utilities" name="test_get_branch_label_and_role[uv_fda-x_rc/1.2.3-rc-BranchFunctionalRole.release_candidate]" time="0.037" /><testcase classname="tests.test_git_utilities" name="test_find_effective_version_with_prefix[poetry_1x_fda]" time="0.072" /><testcase classname="tests.test_git_utilities" name="test_get_branch_label_and_role[uv_fda-x_rc/foo-rc-BranchFunctionalRole.release_candidate]" time="0.033" /><testcase classname="tests.test_git_utilities" name="test_get_branch_label_and_role[uv_fda-x_prod-prod-BranchFunctionalRole.release]" time="0.031" /><testcase classname="tests.test_git_utilities" name="test_get_active_and_auxiliary_branch_names[poetry_2x_trunk]" time="0.377" /><testcase classname="tests.test_git_utilities" name="test_find_effective_version_with_prefix[poetry_2x_fda]" time="0.061" /><testcase classname="tests.test_git_utilities" name="test_commit_id_to_version_map_with_prefix[poetry_1x_trunk]" time="0.088" /><testcase classname="tests.test_git_utilities" name="test_create_merge_commit[uv_trunk]" time="0.125" /><testcase classname="tests.test_github_api" name="test_mocked_gh_repositories[poetry_1x_trunk]" time="0.367" /><testcase classname="tests.test_git_utilities" name="test_commit_id_to_version_map_with_prefix[poetry_2x_trunk]" time="0.082" /><testcase classname="tests.test_git_utilities" name="test_create_merge_commit[poetry_1x_fda]" time="0.135" /><testcase classname="tests.test_github_api" name="test_mocked_gh_repositories[uv_trunk]" time="0.355" /><testcase classname="tests.test_git_utilities" name="test_commit_id_to_version_map_with_prefix[uv_trunk]" time="0.090" /><testcase classname="tests.test_fda_flows" name="test_check_triggering_event[GitBranchStrategy.fda_git_flow-BranchFunctionalRole.trunk-BranchFunctionalRole.release-context0]" time="0.001" /><testcase classname="tests.test_fda_flows" name="test_check_triggering_event[GitBranchStrategy.fda_git_flow-BranchFunctionalRole.release_candidate-BranchFunctionalRole.trunk-context1]" time="0.000" /><testcase classname="tests.test_fda_flows" name="test_check_triggering_event[GitBranchStrategy.fda_git_flow-BranchFunctionalRole.release_candidate-BranchFunctionalRole.release-context2]" time="0.000" /><testcase classname="tests.test_fda_flows" name="test_check_triggering_event[GitBranchStrategy.fda_git_flow-BranchFunctionalRole.release-BranchFunctionalRole.trunk-context3]" time="0.000" /><testcase classname="tests.test_fda_flows" name="test_check_triggering_event[GitBranchStrategy.fda_git_flow-BranchFunctionalRole.trunk-None-context4]" time="0.000" /><testcase classname="tests.test_message_parsing" name="test_get_bump_from_messages[types8-False-False-False-1]" time="0.001" /><testcase classname="tests.test_message_parsing" name="test_get_bump_from_messages[types9-False-False-False-0]" time="0.000" /><testcase classname="tests.test_message_parsing" name="test_get_bump_from_messages[types10-False-False-False-1]" time="0.000" /><testcase classname="tests.test_message_parsing" name="test_get_bump_from_messages[types11-False-False-False-0]" time="0.001" /><testcase classname="tests.test_git_utilities" name="test_commit_id_to_version_map_with_prefix[poetry_1x_fda]" time="0.098" /><testcase classname="tests.test_message_parsing" name="test_get_bump_from_messages[types12-False-False-False-0]" time="0.000" /><testcase classname="tests.test_git_utilities" name="test_create_merge_commit[poetry_2x_fda]" time="0.143" /><testcase classname="tests.test_message_parsing" name="test_get_bump_from_messages[types13-True-False-False-0]" time="0.000" /><testcase classname="tests.test_message_parsing" name="test_get_bump_from_messages[types14-False-True-False-3]" time="0.000" /><testcase classname="tests.test_message_parsing" name="test_get_bump_from_messages[types15-True-True-False-3]" time="0.000" /><testcase classname="tests.test_message_parsing" name="test_get_bump_from_messages[types16-True-True-True-3]" time="0.000" /><testcase classname="tests.test_message_parsing" name="test_get_bump_from_messages[types17-True-False-True-3]" time="0.000" /><testcase classname="tests.test_message_parsing" name="test_get_bump_from_messages[types18-False-False-False-2]" time="0.001" /><testcase classname="tests.test_message_parsing" name="test_get_bump_from_messages[types19-True-False-False-2]" time="0.001" /><testcase classname="tests.test_git_utilities" name="test_get_active_and_auxiliary_branch_names[uv_trunk]" time="0.369" /><testcase classname="tests.test_message_parsing" name="test_get_bump_from_messages[types2-False-False-False-0]" time="0.005" /><testcase classname="tests.test_message_parsing" name="test_get_bump_from_messages[types20-False-True-False-3]" time="0.000" /><testcase classname="tests.test_message_parsing" name="test_get_bump_from_messages[types3-False-False-False-0]" time="0.000" /><testcase classname="tests.test_message_parsing" name="test_get_bump_from_messages[types21-False-False-True-3]" time="0.000" /><testcase classname="tests.test_message_parsing" name="test_get_bump_from_messages[types4-False-False-False-2]" time="0.000" /><testcase classname="tests.test_message_parsing" name="test_get_bump_from_messages[types5-False-False-False-1]" time="0.000" /><testcase classname="tests.test_message_parsing" name="test_get_bump_from_messages[types6-False-False-False-1]" time="0.000" /><testcase classname="tests.test_github_api" name="test_mocked_gh_repositories[poetry_2x_trunk]" time="0.365" /><testcase classname="tests.test_message_parsing" name="test_get_bump_from_messages[types7-False-False-False-1]" time="0.000" /><testcase classname="tests.test_git_utilities" name="test_create_merge_commit[uv_fda]" time="0.144" /><testcase classname="tests.test_project_config" name="test_project_config_not_in_repo_root[poetry_1x_trunk]" time="0.027" /><testcase classname="tests.test_project_config" name="test_project_config_not_in_repo_root[poetry_2x_trunk]" time="0.026" /><testcase classname="tests.test_project_config" name="test_project_config[poetry_1x_trunk]" time="0.159" /><testcase classname="tests.test_project_config" name="test_project_config_not_in_repo_root[uv_trunk]" time="0.024" /><testcase classname="tests.test_project_config" name="test_project_config_not_in_repo_root[poetry_1x_fda]" time="0.025" /><testcase classname="tests.test_github_api" name="test_mocked_gh_repositories[poetry_1x_fda]" time="0.362" /><testcase classname="tests.test_trunk_flow" name="test_trunk_flow[poetry_1x_trunk-FunctionalBranch.trunk]" time="0.099" /><testcase classname="tests.test_project_config" name="test_project_config_not_in_repo_root[poetry_2x_fda]" time="0.024" /><testcase classname="tests.test_project_config" name="test_project_config_not_in_repo_root[uv_fda]" time="0.025" /><testcase classname="tests.test_project_config.TestMonorepoConfig" name="test_project_name_in_tag_present[my-lib-my-lib]" time="0.025" /><testcase classname="tests.test_project_config.TestMonorepoConfig" name="test_project_name_in_tag_present[-None]" time="0.023" /><testcase classname="tests.test_trunk_flow" name="test_trunk_flow[poetry_1x_trunk-FunctionalBranch.release]" time="0.086"><skipped type="pytest.xfail" message="Fixtures for release branch not yet implemented." /></testcase><testcase classname="tests.test_project_config" name="test_project_config[poetry_2x_trunk]" time="0.148" /><testcase classname="tests.test_project_config.TestMonorepoConfig" name="test_owned_paths_present" time="0.024" /><testcase classname="tests.test_trunk_flow" name="test_trunk_flow[uv_trunk-FunctionalBranch.trunk]" time="0.081" /><testcase classname="tests.test_git_utilities" name="test_get_active_and_auxiliary_branch_names[poetry_1x_fda]" time="0.368" /><testcase classname="tests.test_trunk_flow" name="test_trunk_flow[uv_trunk-FunctionalBranch.release]" time="0.073"><skipped type="pytest.xfail" message="Fixtures for release branch not yet implemented." /></testcase><testcase classname="tests.test_github_api" name="test_mocked_gh_pull_request[uv_trunk]" time="0.361" /><testcase classname="tests.test_project_config" name="test_project_config[uv_trunk]" time="0.138" /><testcase classname="tests.test_trunk_flow" name="test_trunk_flow[poetry_2x_trunk-FunctionalBranch.trunk]" time="0.083" /><testcase classname="tests.test_trunk_flow" name="test_trunk_flow[poetry_2x_trunk-FunctionalBranch.release]" time="0.077"><skipped type="pytest.xfail" message="Fixtures for release branch not yet implemented." /></testcase><testcase classname="tests.test_github_api" name="test_mocked_gh_repositories[poetry_2x_fda]" time="0.356" /><testcase classname="tests.test_project_config" name="test_project_config[poetry_1x_fda]" time="0.150" /><testcase classname="tests.test_trunk_flow" name="test_trunk_flow[poetry_1x_fda-FunctionalBranch.trunk]" time="0.026"><skipped type="pytest.skip" message="Legacy Trunk Flow does not need to test this.">/Users/christianbonnell/projects/clarity/version-flow/tests/test_trunk_flow.py:32: Legacy Trunk Flow does not need to test this.</skipped></testcase><testcase classname="tests.test_trunk_flow" name="test_trunk_flow[poetry_1x_fda-FunctionalBranch.release]" time="0.029"><skipped type="pytest.skip" message="Legacy Trunk Flow does not need to test this.">/Users/christianbonnell/projects/clarity/version-flow/tests/test_trunk_flow.py:32: Legacy Trunk Flow does not need to test this.</skipped></testcase><testcase classname="tests.test_trunk_flow" name="test_check_current_version_state[v0.1.0-v0.1.0-FunctionalBranch.release-exception_context0-VersionSpec.semver]" time="0.000" /><testcase classname="tests.test_trunk_flow" name="test_check_current_version_state[v0.1.0-v0.1.0-FunctionalBranch.release-exception_context0-VersionSpec.pyver]" time="0.000" /><testcase classname="tests.test_trunk_flow" name="test_check_current_version_state[v0.1.0-v0.1.0-FunctionalBranch.trunk-exception_context1-VersionSpec.semver]" time="0.000" /><testcase classname="tests.test_trunk_flow" name="test_check_current_version_state[v0.1.0-v0.1.0-FunctionalBranch.trunk-exception_context1-VersionSpec.pyver]" time="0.001" /><testcase classname="tests.test_trunk_flow" name="test_check_current_version_state[v0.1.0-v0.1.0-rc2-FunctionalBranch.release-exception_context2-VersionSpec.semver]" time="0.000" /><testcase classname="tests.test_trunk_flow" name="test_check_current_version_state[v0.1.0-v0.1.0-rc2-FunctionalBranch.release-exception_context2-VersionSpec.pyver]" time="0.000" /><testcase classname="tests.test_trunk_flow" name="test_check_current_version_state[v0.1.0-v0.1.0-rc2-FunctionalBranch.trunk-exception_context3-VersionSpec.semver]" time="0.000" /><testcase classname="tests.test_trunk_flow" name="test_check_current_version_state[v0.1.0-v0.1.0-rc2-FunctionalBranch.trunk-exception_context3-VersionSpec.pyver]" time="0.000" /><testcase classname="tests.test_trunk_flow" name="test_check_current_version_state[v3.11.12rc0-v2.4.1-FunctionalBranch.release-exception_context4-VersionSpec.semver]" time="0.000" /><testcase classname="tests.test_trunk_flow" name="test_check_current_version_state[v3.11.12rc0-v2.4.1-FunctionalBranch.release-exception_context4-VersionSpec.pyver]" time="0.001" /><testcase classname="tests.test_trunk_flow" name="test_trunk_flow[poetry_2x_fda-FunctionalBranch.trunk]" time="0.034"><skipped type="pytest.skip" message="Legacy Trunk Flow does not need to test this.">/Users/christianbonnell/projects/clarity/version-flow/tests/test_trunk_flow.py:32: Legacy Trunk Flow does not need to test this.</skipped></testcase><testcase classname="tests.test_trunk_flow" name="test_monorepo_trunk_flow" time="0.164" /><testcase classname="tests.test_trunk_flow" name="test_trunk_flow[poetry_2x_fda-FunctionalBranch.release]" time="0.038"><skipped type="pytest.skip" message="Legacy Trunk Flow does not need to test this.">/Users/christianbonnell/projects/clarity/version-flow/tests/test_trunk_flow.py:32: Legacy Trunk Flow does not need to test this.</skipped></testcase><testcase classname="tests.test_trunk_flow" name="test_trunk_flow[uv_fda-FunctionalBranch.trunk]" time="0.032"><skipped type="pytest.skip" message="Legacy Trunk Flow does not need to test this.">/Users/christianbonnell/projects/clarity/version-flow/tests/test_trunk_flow.py:32: Legacy Trunk Flow does not need to test this.</skipped></testcase><testcase classname="tests.test_project_config" name="test_project_config[poetry_2x_fda]" time="0.192" /><testcase classname="tests.test_git_utilities" name="test_get_active_and_auxiliary_branch_names[poetry_2x_fda]" time="0.397" /><testcase classname="tests.test_trunk_flow" name="test_trunk_flow[uv_fda-FunctionalBranch.release]" time="0.038"><skipped type="pytest.skip" message="Legacy Trunk Flow does not need to test this.">/Users/christianbonnell/projects/clarity/version-flow/tests/test_trunk_flow.py:32: Legacy Trunk Flow does not need to test this.</skipped></testcase><testcase classname="tests.test_version" name="test_project_version[v1.2.3-rc.4-0-v1.2.3-rc.5-VersionSpec.semver-context_manager0]" time="0.000" /><testcase classname="tests.test_version" name="test_project_version[v1.2.3-rc.4-1-v1.2.4-rc.0-VersionSpec.semver-context_manager1]" time="0.000" /><testcase classname="tests.test_version" name="test_project_version[v1.2.3-rc.4-2-v1.3.0-rc.0-VersionSpec.semver-context_manager2]" time="0.001" /><testcase classname="tests.test_version" name="test_project_version[v1.2.3-rc.4-5-v2.0.0-rc.0-VersionSpec.semver-context_manager5]" time="0.000" /><testcase classname="tests.test_version" name="test_project_version[v1.2.3-rc.4-3-v2.0.0-rc.0-VersionSpec.semver-context_manager3]" time="0.001" /><testcase classname="tests.test_version" name="test_project_version[v1.2.3-0-v1.2.4-rc.0-VersionSpec.semver-context_manager6]" time="0.000" /><testcase classname="tests.test_version" name="test_project_version[v1.2.3-rc.4-4-v1.2.3-VersionSpec.semver-context_manager4]" time="0.000" /><testcase classname="tests.test_version" name="test_project_version[v1.2.3-3-v2.0.0-rc.0-VersionSpec.semver-context_manager9]" time="0.000" /><testcase classname="tests.test_github_api" name="test_mocked_gh_pull_request[poetry_1x_fda]" time="0.415" /><testcase classname="tests.test_version" name="test_project_version[v1.2.3-5-v1.2.4-rc.0-VersionSpec.semver-context_manager11]" time="0.000" /><testcase classname="tests.test_version" name="test_project_version[v1.2.3-4-v1.2.3-VersionSpec.semver-context_manager10]" time="0.000" /><testcase classname="tests.test_version" name="test_project_version[v1.2.3-rc4-3-v2.0.0rc0-VersionSpec.pyver-context_manager12]" time="0.001" /><testcase classname="tests.test_version" name="test_project_version[v1.2.3rc4-3-v2.0.0-rc.0-VersionSpec.semver-context_manager13]" time="0.000" /><testcase classname="tests.test_version" name="test_version_spec_from_string[pyver-VersionSpec.pyver]" time="0.000" /><testcase classname="tests.test_version" name="test_version_spec_from_string[semver-VersionSpec.semver]" time="0.000" /><testcase classname="tests.test_version" name="test_version_spec_from_string[pep440-VersionSpec.pyver]" time="0.000" /><testcase classname="tests.test_version" name="test_project_version_parts[1.2.3-expected_parts0]" time="0.001" /><testcase classname="tests.test_version" name="test_project_version_parts[1.2.3-rc.4-expected_parts1]" time="0.001" /><testcase classname="tests.test_github_api" name="test_mocked_gh_repositories[uv_fda]" time="0.383" /><testcase classname="tests.test_project_config" name="test_project_config[uv_fda]" time="0.169" /><testcase classname="tests.test_version" name="test_project_version_parts[1.2.3-rc4-expected_parts2]" time="0.000" /><testcase classname="tests.test_version" name="test_version_parts[1.2.3-expected_parts0]" time="0.002" /><testcase classname="tests.test_version" name="test_version_parts[1.2.3-rc.4-expected_parts1]" time="0.000" /><testcase classname="tests.test_version" name="test_version_parts[1.2.3rc4-expected_parts2]" time="0.000" /><testcase classname="tests.test_version" name="test_comparisons[Equality of production releases]" time="0.001" /><testcase classname="tests.test_version" name="test_comparisons[Equality of named branches]" time="0.000" /><testcase classname="tests.test_version" name="test_comparisons[Suffix vs non-suffix]" time="0.001" /><testcase classname="tests.test_version" name="test_comparisons[Suffix number]" time="0.000" /><testcase classname="tests.test_version" name="test_comparisons[Suffix label]" time="0.000" /><testcase classname="tests.test_version" name="test_project_version[v1.2.3-1-v1.2.4-rc.0-VersionSpec.semver-context_manager7]" time="0.000" /><testcase classname="tests.test_version" name="test_comparisons[Patch]" time="0.000" /><testcase classname="tests.test_version" name="test_comparisons[Minor]" time="0.000" /><testcase classname="tests.test_version" name="test_project_version[v1.2.3-2-v1.3.0-rc.0-VersionSpec.semver-context_manager8]" time="0.000" /><testcase classname="tests.test_version" name="test_comparisons[Major]" time="0.000" /><testcase classname="tests.test_version" name="test_version_bump[v1.2.3-rc.4-0-rc-v1.2.3-rc.5-VersionSpec.semver-context0]" time="0.000" /><testcase classname="tests.test_version" name="test_version_bump[v1.2.3-dev.4-1-dev-v1.2.4-dev.0-VersionSpec.semver-context1]" time="0.000" /><testcase classname="tests.test_version" name="test_version_bump[v1.2.3-draco.4-2-draco-v1.3.0-draco.0-VersionSpec.semver-context2]" time="0.008" /><testcase classname="tests.test_version" name="test_version_bump[v1.2.3-cetus.4-3-cetus-v2.0.0-cetus.0-VersionSpec.semver-context3]" time="0.000" /><testcase classname="tests.test_version" name="test_version_bump[v1.2.3-a.4-4-a-v1.2.4-a.0-VersionSpec.semver-context4]" time="0.000" /><testcase classname="tests.test_version" name="test_version_bump[v1.2.3-1-None-v1.2.4-VersionSpec.semver-context7]" time="0.000" /><testcase classname="tests.test_version" name="test_version_bump[v1.2.3-0-None-v1.2.4-VersionSpec.semver-context6]" time="0.001" /><testcase classname="tests.test_version" name="test_version_bump[v1.2.3-b.4-5-b-v1.2.4-b.0-VersionSpec.semver-context5]" time="0.000" /><testcase classname="tests.test_version" name="test_version_bump[v1.2.3-3-None-v2.0.0-VersionSpec.semver-context9]" time="0.000" /><testcase classname="tests.test_version" name="test_version_bump[v1.2.3-4-None-v1.2.4-VersionSpec.semver-context10]" time="0.000" /><testcase classname="tests.test_version" name="test_version_bump[v1.2.3-5-None-v1.2.4-VersionSpec.semver-context11]" time="0.000" /><testcase classname="tests.test_version" name="test_version_bump[v1.2.3rc4-3-rc-v2.0.0-rc.0-VersionSpec.semver-context13]" time="0.000" /><testcase classname="tests.test_version" name="test_version_bump[v1.2.3-rc.4-3-rc-v2.0.0rc0-VersionSpec.pyver-context12]" time="0.000" /><testcase classname="tests.test_version" name="test_version_bump[v1.2.3-rc.4-0-dev-v1.2.4-dev.0-VersionSpec.semver-context14]" time="0.000" /><testcase classname="tests.test_version" name="test_version_bump[v1.2.3-0-dev-v1.2.4-dev.0-VersionSpec.semver-context16]" time="0.000" /><testcase classname="tests.test_version" name="test_version_bump[v1.2.3-rc.4-1-dev-v1.2.4-dev.0-VersionSpec.semver-context15]" time="0.000" /><testcase classname="tests.test_version" name="test_version_bump[v1.2.3-1-dev-v1.2.4-dev.0-VersionSpec.semver-context17]" time="0.000" /><testcase classname="tests.test_version" name="test_version_bump[v1.2.3-rc.4-1-None-v1.2.4-VersionSpec.semver-context19]" time="0.000" /><testcase classname="tests.test_version" name="test_version_bump[v1.2.3-rc.4-0-None-v1.2.4-VersionSpec.semver-context18]" time="0.000" /><testcase classname="tests.test_git_utilities" name="test_get_active_and_auxiliary_branch_names[uv_fda]" time="0.372" /><testcase classname="tests.test_github_api" name="test_mocked_gh_pull_request[poetry_2x_fda]" time="0.375" /><testcase classname="tests.test_github_api" name="test_mocked_gh_pull_request[poetry_1x_trunk]" time="0.362" /><testcase classname="tests.test_version" name="test_version_bump[v1.2.3-2-None-v1.3.0-VersionSpec.semver-context8]" time="0.001" /><testcase classname="tests.test_github_api" name="test_mocked_gh_pull_request[uv_fda]" time="0.357" /><testcase classname="tests.test_github_api" name="test_mocked_gh_pull_request[poetry_2x_trunk]" time="0.343" /><testcase classname="tests.test_message_parsing" name="test_get_bump_from_messages[types0-False-False-False-1]" time="0.006" /><testcase classname="tests.test_message_parsing" name="test_get_bump_from_messages[types1-False-False-False-1]" time="0.001" /></testsuite></testsuites>